21:46:33.298 [main] INFO  api.test.UserTests - ************ Creating user *************
21:46:36.242 [main] INFO  api.test.UserTests - ************ User is created *************
21:46:36.247 [main] INFO  api.test.UserTests - ************ Reading a user *************
21:46:37.528 [main] INFO  api.test.UserTests - ************ User reading completed *************
21:46:37.531 [main] INFO  api.test.UserTests - ************ Updating user *************
21:46:39.970 [main] INFO  api.test.UserTests - ************ Update completed *************
21:46:39.975 [main] INFO  api.test.UserTests - ************ Deleting a user *************
21:46:41.278 [main] INFO  api.test.UserTests - ************ Delete user completed *************
21:48:53.230 [main] DEBUG api.test.UserTests - **** Debugging ****
21:48:53.235 [main] INFO  api.test.UserTests - ************ Creating user *************
21:48:55.198 [main] INFO  api.test.UserTests - ************ User is created *************
21:48:55.203 [main] INFO  api.test.UserTests - ************ Reading a user *************
21:48:56.480 [main] INFO  api.test.UserTests - ************ User reading completed *************
21:48:56.484 [main] INFO  api.test.UserTests - ************ Updating user *************
21:48:58.789 [main] INFO  api.test.UserTests - ************ Update completed *************
21:48:58.792 [main] INFO  api.test.UserTests - ************ Deleting a user *************
21:49:00.076 [main] INFO  api.test.UserTests - ************ Delete user completed *************
22:15:59.444 [main] DEBUG api.test.UserTests2 - **** Debugging ****
22:15:59.449 [main] INFO  api.test.UserTests2 - ************ Creating user *************
22:15:59.455 [main] INFO  api.test.UserTests2 - ************ Reading a user *************
22:15:59.457 [main] INFO  api.test.UserTests2 - ************ Updating user *************
22:16:01.387 [main] INFO  api.test.UserTests2 - ************ Deleting a user *************
22:16:44.866 [main] DEBUG api.test.UserTests2 - **** Debugging ****
22:16:44.871 [main] INFO  api.test.UserTests2 - ************ Creating user *************
22:16:44.875 [main] INFO  api.test.UserTests2 - ************ Reading a user *************
22:16:44.877 [main] INFO  api.test.UserTests2 - ************ Updating user *************
22:16:46.503 [main] INFO  api.test.UserTests2 - ************ Deleting a user *************
22:17:35.729 [main] DEBUG api.test.UserTests2 - **** Debugging ****
22:17:35.734 [main] INFO  api.test.UserTests2 - ************ Creating user *************
22:17:35.736 [main] INFO  api.test.UserTests2 - ************ Reading a user *************
22:17:35.738 [main] INFO  api.test.UserTests2 - ************ Updating user *************
22:17:37.595 [main] INFO  api.test.UserTests2 - ************ Deleting a user *************
22:20:15.515 [main] DEBUG api.test.UserTests2 - **** Debugging ****
22:20:15.520 [main] INFO  api.test.UserTests2 - ************ Creating user *************
22:20:15.523 [main] INFO  api.test.UserTests2 - ************ Reading a user *************
22:20:15.524 [main] INFO  api.test.UserTests2 - ************ Updating user *************
22:20:17.259 [main] INFO  api.test.UserTests2 - ************ Deleting a user *************
22:24:46.229 [main] DEBUG api.test.UserTests2 - **** Debugging ****
22:24:46.233 [main] INFO  api.test.UserTests2 - ************ Creating user *************
22:24:47.917 [main] INFO  api.test.UserTests2 - ************ User is created *************
22:24:47.919 [main] INFO  api.test.UserTests2 - ************ Reading a user *************
22:24:49.203 [main] INFO  api.test.UserTests2 - ************ User reading completed *************
22:24:49.207 [main] INFO  api.test.UserTests2 - ************ Updating user *************
22:24:51.598 [main] INFO  api.test.UserTests2 - ************ Update completed *************
22:24:51.602 [main] INFO  api.test.UserTests2 - ************ Deleting a user *************
22:24:52.877 [main] INFO  api.test.UserTests2 - ************ Delete user completed *************
22:25:04.519 [main] DEBUG api.test.UserTests2 - **** Debugging ****
22:25:04.524 [main] INFO  api.test.UserTests2 - ************ Creating user *************
22:25:06.201 [main] INFO  api.test.UserTests2 - ************ User is created *************
22:25:06.206 [main] INFO  api.test.UserTests2 - ************ Reading a user *************
22:25:07.401 [main] INFO  api.test.UserTests2 - ************ Updating user *************
22:25:10.040 [main] INFO  api.test.UserTests2 - ************ Update completed *************
22:25:10.045 [main] INFO  api.test.UserTests2 - ************ Deleting a user *************
22:25:11.274 [main] INFO  api.test.UserTests2 - ************ Delete user completed *************
09:54:46.797 [main] DEBUG api.test.UserTests - **** Debugging ****
09:54:46.800 [main] INFO  api.test.UserTests - ************ Creating user *************
09:54:49.393 [main] INFO  api.test.UserTests - ************ User is created *************
09:54:49.395 [main] INFO  api.test.UserTests - ************ Reading a user *************
09:54:50.681 [main] INFO  api.test.UserTests - ************ Updating user *************
09:54:53.258 [main] INFO  api.test.UserTests - ************ Update completed *************
09:54:53.261 [main] INFO  api.test.UserTests - ************ Deleting a user *************
09:54:54.482 [main] INFO  api.test.UserTests - ************ Delete user completed *************
09:54:54.535 [main] DEBUG org.apache.poi.openxml4j.opc.PackageRelationshipCollection - Parsing relationship: /xl/_rels/workbook.xml.rels
09:54:54.536 [main] DEBUG org.apache.poi.openxml4j.opc.PackageRelationshipCollection - Parsing relationship: /xl/worksheets/_rels/sheet1.xml.rels
09:54:54.537 [main] DEBUG org.apache.poi.openxml4j.opc.PackageRelationshipCollection - Parsing relationship: /_rels/.rels
09:54:54.656 [main] DEBUG org.apache.poi.openxml4j.opc.PackageRelationshipCollection - Parsing relationship: /xl/_rels/workbook.xml.rels
09:54:54.656 [main] DEBUG org.apache.poi.openxml4j.opc.PackageRelationshipCollection - Parsing relationship: /xl/worksheets/_rels/sheet1.xml.rels
09:54:54.657 [main] DEBUG org.apache.poi.openxml4j.opc.PackageRelationshipCollection - Parsing relationship: /_rels/.rels
09:54:54.664 [main] DEBUG org.apache.poi.openxml4j.opc.PackageRelationshipCollection - Parsing relationship: /xl/_rels/workbook.xml.rels
09:54:54.665 [main] DEBUG org.apache.poi.openxml4j.opc.PackageRelationshipCollection - Parsing relationship: /xl/worksheets/_rels/sheet1.xml.rels
09:54:54.665 [main] DEBUG org.apache.poi.openxml4j.opc.PackageRelationshipCollection - Parsing relationship: /_rels/.rels
09:54:54.676 [main] DEBUG org.apache.poi.openxml4j.opc.PackageRelationshipCollection - Parsing relationship: /xl/_rels/workbook.xml.rels
09:54:54.676 [main] DEBUG org.apache.poi.openxml4j.opc.PackageRelationshipCollection - Parsing relationship: /xl/worksheets/_rels/sheet1.xml.rels
09:54:54.677 [main] DEBUG org.apache.poi.openxml4j.opc.PackageRelationshipCollection - Parsing relationship: /_rels/.rels
09:54:54.683 [main] DEBUG org.apache.poi.openxml4j.opc.PackageRelationshipCollection - Parsing relationship: /xl/_rels/workbook.xml.rels
09:54:54.683 [main] DEBUG org.apache.poi.openxml4j.opc.PackageRelationshipCollection - Parsing relationship: /xl/worksheets/_rels/sheet1.xml.rels
09:54:54.683 [main] DEBUG org.apache.poi.openxml4j.opc.PackageRelationshipCollection - Parsing relationship: /_rels/.rels
09:54:54.688 [main] DEBUG org.apache.poi.openxml4j.opc.PackageRelationshipCollection - Parsing relationship: /xl/_rels/workbook.xml.rels
09:54:54.688 [main] DEBUG org.apache.poi.openxml4j.opc.PackageRelationshipCollection - Parsing relationship: /xl/worksheets/_rels/sheet1.xml.rels
09:54:54.689 [main] DEBUG org.apache.poi.openxml4j.opc.PackageRelationshipCollection - Parsing relationship: /_rels/.rels
09:54:54.693 [main] DEBUG org.apache.poi.openxml4j.opc.PackageRelationshipCollection - Parsing relationship: /xl/_rels/workbook.xml.rels
09:54:54.694 [main] DEBUG org.apache.poi.openxml4j.opc.PackageRelationshipCollection - Parsing relationship: /xl/worksheets/_rels/sheet1.xml.rels
09:54:54.694 [main] DEBUG org.apache.poi.openxml4j.opc.PackageRelationshipCollection - Parsing relationship: /_rels/.rels
09:54:54.698 [main] DEBUG org.apache.poi.openxml4j.opc.PackageRelationshipCollection - Parsing relationship: /xl/_rels/workbook.xml.rels
09:54:54.699 [main] DEBUG org.apache.poi.openxml4j.opc.PackageRelationshipCollection - Parsing relationship: /xl/worksheets/_rels/sheet1.xml.rels
09:54:54.699 [main] DEBUG org.apache.poi.openxml4j.opc.PackageRelationshipCollection - Parsing relationship: /_rels/.rels
09:54:54.704 [main] DEBUG org.apache.poi.openxml4j.opc.PackageRelationshipCollection - Parsing relationship: /xl/_rels/workbook.xml.rels
09:54:54.704 [main] DEBUG org.apache.poi.openxml4j.opc.PackageRelationshipCollection - Parsing relationship: /xl/worksheets/_rels/sheet1.xml.rels
09:54:54.704 [main] DEBUG org.apache.poi.openxml4j.opc.PackageRelationshipCollection - Parsing relationship: /_rels/.rels
09:54:54.708 [main] DEBUG org.apache.poi.openxml4j.opc.PackageRelationshipCollection - Parsing relationship: /xl/_rels/workbook.xml.rels
09:54:54.708 [main] DEBUG org.apache.poi.openxml4j.opc.PackageRelationshipCollection - Parsing relationship: /xl/worksheets/_rels/sheet1.xml.rels
09:54:54.708 [main] DEBUG org.apache.poi.openxml4j.opc.PackageRelationshipCollection - Parsing relationship: /_rels/.rels
09:54:54.712 [main] DEBUG org.apache.poi.openxml4j.opc.PackageRelationshipCollection - Parsing relationship: /xl/_rels/workbook.xml.rels
09:54:54.713 [main] DEBUG org.apache.poi.openxml4j.opc.PackageRelationshipCollection - Parsing relationship: /xl/worksheets/_rels/sheet1.xml.rels
09:54:54.713 [main] DEBUG org.apache.poi.openxml4j.opc.PackageRelationshipCollection - Parsing relationship: /_rels/.rels
09:54:54.717 [main] DEBUG org.apache.poi.openxml4j.opc.PackageRelationshipCollection - Parsing relationship: /xl/_rels/workbook.xml.rels
09:54:54.717 [main] DEBUG org.apache.poi.openxml4j.opc.PackageRelationshipCollection - Parsing relationship: /xl/worksheets/_rels/sheet1.xml.rels
09:54:54.717 [main] DEBUG org.apache.poi.openxml4j.opc.PackageRelationshipCollection - Parsing relationship: /_rels/.rels
09:54:54.721 [main] DEBUG org.apache.poi.openxml4j.opc.PackageRelationshipCollection - Parsing relationship: /xl/_rels/workbook.xml.rels
09:54:54.721 [main] DEBUG org.apache.poi.openxml4j.opc.PackageRelationshipCollection - Parsing relationship: /xl/worksheets/_rels/sheet1.xml.rels
09:54:54.721 [main] DEBUG org.apache.poi.openxml4j.opc.PackageRelationshipCollection - Parsing relationship: /_rels/.rels
09:54:54.725 [main] DEBUG org.apache.poi.openxml4j.opc.PackageRelationshipCollection - Parsing relationship: /xl/_rels/workbook.xml.rels
09:54:54.725 [main] DEBUG org.apache.poi.openxml4j.opc.PackageRelationshipCollection - Parsing relationship: /xl/worksheets/_rels/sheet1.xml.rels
09:54:54.725 [main] DEBUG org.apache.poi.openxml4j.opc.PackageRelationshipCollection - Parsing relationship: /_rels/.rels
09:54:54.728 [main] DEBUG org.apache.poi.openxml4j.opc.PackageRelationshipCollection - Parsing relationship: /xl/_rels/workbook.xml.rels
09:54:54.728 [main] DEBUG org.apache.poi.openxml4j.opc.PackageRelationshipCollection - Parsing relationship: /xl/worksheets/_rels/sheet1.xml.rels
09:54:54.729 [main] DEBUG org.apache.poi.openxml4j.opc.PackageRelationshipCollection - Parsing relationship: /_rels/.rels
09:54:54.732 [main] DEBUG org.apache.poi.openxml4j.opc.PackageRelationshipCollection - Parsing relationship: /xl/_rels/workbook.xml.rels
09:54:54.732 [main] DEBUG org.apache.poi.openxml4j.opc.PackageRelationshipCollection - Parsing relationship: /xl/worksheets/_rels/sheet1.xml.rels
09:54:54.732 [main] DEBUG org.apache.poi.openxml4j.opc.PackageRelationshipCollection - Parsing relationship: /_rels/.rels
09:54:54.735 [main] DEBUG org.apache.poi.openxml4j.opc.PackageRelationshipCollection - Parsing relationship: /xl/_rels/workbook.xml.rels
09:54:54.736 [main] DEBUG org.apache.poi.openxml4j.opc.PackageRelationshipCollection - Parsing relationship: /xl/worksheets/_rels/sheet1.xml.rels
09:54:54.736 [main] DEBUG org.apache.poi.openxml4j.opc.PackageRelationshipCollection - Parsing relationship: /_rels/.rels
09:54:54.739 [main] DEBUG org.apache.poi.openxml4j.opc.PackageRelationshipCollection - Parsing relationship: /xl/_rels/workbook.xml.rels
09:54:54.739 [main] DEBUG org.apache.poi.openxml4j.opc.PackageRelationshipCollection - Parsing relationship: /xl/worksheets/_rels/sheet1.xml.rels
09:54:54.739 [main] DEBUG org.apache.poi.openxml4j.opc.PackageRelationshipCollection - Parsing relationship: /_rels/.rels
09:54:54.742 [main] DEBUG org.apache.poi.openxml4j.opc.PackageRelationshipCollection - Parsing relationship: /xl/_rels/workbook.xml.rels
09:54:54.742 [main] DEBUG org.apache.poi.openxml4j.opc.PackageRelationshipCollection - Parsing relationship: /xl/worksheets/_rels/sheet1.xml.rels
09:54:54.743 [main] DEBUG org.apache.poi.openxml4j.opc.PackageRelationshipCollection - Parsing relationship: /_rels/.rels
09:54:54.745 [main] DEBUG org.apache.poi.openxml4j.opc.PackageRelationshipCollection - Parsing relationship: /xl/_rels/workbook.xml.rels
09:54:54.746 [main] DEBUG org.apache.poi.openxml4j.opc.PackageRelationshipCollection - Parsing relationship: /xl/worksheets/_rels/sheet1.xml.rels
09:54:54.746 [main] DEBUG org.apache.poi.openxml4j.opc.PackageRelationshipCollection - Parsing relationship: /_rels/.rels
09:54:54.749 [main] DEBUG org.apache.poi.openxml4j.opc.PackageRelationshipCollection - Parsing relationship: /xl/_rels/workbook.xml.rels
09:54:54.749 [main] DEBUG org.apache.poi.openxml4j.opc.PackageRelationshipCollection - Parsing relationship: /xl/worksheets/_rels/sheet1.xml.rels
09:54:54.749 [main] DEBUG org.apache.poi.openxml4j.opc.PackageRelationshipCollection - Parsing relationship: /_rels/.rels
09:54:54.752 [main] DEBUG org.apache.poi.openxml4j.opc.PackageRelationshipCollection - Parsing relationship: /xl/_rels/workbook.xml.rels
09:54:54.752 [main] DEBUG org.apache.poi.openxml4j.opc.PackageRelationshipCollection - Parsing relationship: /xl/worksheets/_rels/sheet1.xml.rels
09:54:54.752 [main] DEBUG org.apache.poi.openxml4j.opc.PackageRelationshipCollection - Parsing relationship: /_rels/.rels
09:54:54.758 [main] DEBUG org.apache.poi.openxml4j.opc.PackageRelationshipCollection - Parsing relationship: /xl/_rels/workbook.xml.rels
09:54:54.758 [main] DEBUG org.apache.poi.openxml4j.opc.PackageRelationshipCollection - Parsing relationship: /xl/worksheets/_rels/sheet1.xml.rels
09:54:54.758 [main] DEBUG org.apache.poi.openxml4j.opc.PackageRelationshipCollection - Parsing relationship: /_rels/.rels
09:54:58.515 [main] DEBUG org.apache.poi.openxml4j.opc.PackageRelationshipCollection - Parsing relationship: /xl/_rels/workbook.xml.rels
09:54:58.515 [main] DEBUG org.apache.poi.openxml4j.opc.PackageRelationshipCollection - Parsing relationship: /xl/worksheets/_rels/sheet1.xml.rels
09:54:58.516 [main] DEBUG org.apache.poi.openxml4j.opc.PackageRelationshipCollection - Parsing relationship: /_rels/.rels
09:54:58.523 [main] DEBUG org.apache.poi.openxml4j.opc.PackageRelationshipCollection - Parsing relationship: /xl/_rels/workbook.xml.rels
09:54:58.523 [main] DEBUG org.apache.poi.openxml4j.opc.PackageRelationshipCollection - Parsing relationship: /xl/worksheets/_rels/sheet1.xml.rels
09:54:58.524 [main] DEBUG org.apache.poi.openxml4j.opc.PackageRelationshipCollection - Parsing relationship: /_rels/.rels
09:54:58.529 [main] DEBUG org.apache.poi.openxml4j.opc.PackageRelationshipCollection - Parsing relationship: /xl/_rels/workbook.xml.rels
09:54:58.529 [main] DEBUG org.apache.poi.openxml4j.opc.PackageRelationshipCollection - Parsing relationship: /xl/worksheets/_rels/sheet1.xml.rels
09:54:58.529 [main] DEBUG org.apache.poi.openxml4j.opc.PackageRelationshipCollection - Parsing relationship: /_rels/.rels
09:54:58.534 [main] DEBUG org.apache.poi.openxml4j.opc.PackageRelationshipCollection - Parsing relationship: /xl/_rels/workbook.xml.rels
09:54:58.535 [main] DEBUG org.apache.poi.openxml4j.opc.PackageRelationshipCollection - Parsing relationship: /xl/worksheets/_rels/sheet1.xml.rels
09:54:58.535 [main] DEBUG org.apache.poi.openxml4j.opc.PackageRelationshipCollection - Parsing relationship: /_rels/.rels
10:43:01.726 [main] DEBUG api.test.UserTests - **** Debugging ****
10:43:01.729 [main] INFO  api.test.UserTests - ************ Creating user *************
10:43:03.770 [main] INFO  api.test.UserTests - ************ User is created *************
10:43:03.772 [main] INFO  api.test.UserTests - ************ Reading a user *************
10:43:04.935 [main] INFO  api.test.UserTests - ************ User reading completed *************
10:43:04.939 [main] INFO  api.test.UserTests - ************ Updating user *************
10:43:07.263 [main] INFO  api.test.UserTests - ************ Update completed *************
10:43:07.267 [main] INFO  api.test.UserTests - ************ Deleting a user *************
10:43:08.442 [main] DEBUG org.apache.poi.openxml4j.opc.PackageRelationshipCollection - Parsing relationship: /xl/_rels/workbook.xml.rels
10:43:08.443 [main] DEBUG org.apache.poi.openxml4j.opc.PackageRelationshipCollection - Parsing relationship: /xl/worksheets/_rels/sheet1.xml.rels
10:43:08.444 [main] DEBUG org.apache.poi.openxml4j.opc.PackageRelationshipCollection - Parsing relationship: /_rels/.rels
10:43:08.565 [main] DEBUG org.apache.poi.openxml4j.opc.PackageRelationshipCollection - Parsing relationship: /xl/_rels/workbook.xml.rels
10:43:08.566 [main] DEBUG org.apache.poi.openxml4j.opc.PackageRelationshipCollection - Parsing relationship: /xl/worksheets/_rels/sheet1.xml.rels
10:43:08.566 [main] DEBUG org.apache.poi.openxml4j.opc.PackageRelationshipCollection - Parsing relationship: /_rels/.rels
10:43:08.573 [main] DEBUG org.apache.poi.openxml4j.opc.PackageRelationshipCollection - Parsing relationship: /xl/_rels/workbook.xml.rels
10:43:08.574 [main] DEBUG org.apache.poi.openxml4j.opc.PackageRelationshipCollection - Parsing relationship: /xl/worksheets/_rels/sheet1.xml.rels
10:43:08.574 [main] DEBUG org.apache.poi.openxml4j.opc.PackageRelationshipCollection - Parsing relationship: /_rels/.rels
10:43:08.586 [main] DEBUG org.apache.poi.openxml4j.opc.PackageRelationshipCollection - Parsing relationship: /xl/_rels/workbook.xml.rels
10:43:08.586 [main] DEBUG org.apache.poi.openxml4j.opc.PackageRelationshipCollection - Parsing relationship: /xl/worksheets/_rels/sheet1.xml.rels
10:43:08.587 [main] DEBUG org.apache.poi.openxml4j.opc.PackageRelationshipCollection - Parsing relationship: /_rels/.rels
10:43:08.593 [main] DEBUG org.apache.poi.openxml4j.opc.PackageRelationshipCollection - Parsing relationship: /xl/_rels/workbook.xml.rels
10:43:08.593 [main] DEBUG org.apache.poi.openxml4j.opc.PackageRelationshipCollection - Parsing relationship: /xl/worksheets/_rels/sheet1.xml.rels
10:43:08.593 [main] DEBUG org.apache.poi.openxml4j.opc.PackageRelationshipCollection - Parsing relationship: /_rels/.rels
10:43:08.598 [main] DEBUG org.apache.poi.openxml4j.opc.PackageRelationshipCollection - Parsing relationship: /xl/_rels/workbook.xml.rels
10:43:08.598 [main] DEBUG org.apache.poi.openxml4j.opc.PackageRelationshipCollection - Parsing relationship: /xl/worksheets/_rels/sheet1.xml.rels
10:43:08.599 [main] DEBUG org.apache.poi.openxml4j.opc.PackageRelationshipCollection - Parsing relationship: /_rels/.rels
10:43:08.603 [main] DEBUG org.apache.poi.openxml4j.opc.PackageRelationshipCollection - Parsing relationship: /xl/_rels/workbook.xml.rels
10:43:08.603 [main] DEBUG org.apache.poi.openxml4j.opc.PackageRelationshipCollection - Parsing relationship: /xl/worksheets/_rels/sheet1.xml.rels
10:43:08.604 [main] DEBUG org.apache.poi.openxml4j.opc.PackageRelationshipCollection - Parsing relationship: /_rels/.rels
10:43:08.608 [main] DEBUG org.apache.poi.openxml4j.opc.PackageRelationshipCollection - Parsing relationship: /xl/_rels/workbook.xml.rels
10:43:08.608 [main] DEBUG org.apache.poi.openxml4j.opc.PackageRelationshipCollection - Parsing relationship: /xl/worksheets/_rels/sheet1.xml.rels
10:43:08.609 [main] DEBUG org.apache.poi.openxml4j.opc.PackageRelationshipCollection - Parsing relationship: /_rels/.rels
10:43:08.613 [main] DEBUG org.apache.poi.openxml4j.opc.PackageRelationshipCollection - Parsing relationship: /xl/_rels/workbook.xml.rels
10:43:08.613 [main] DEBUG org.apache.poi.openxml4j.opc.PackageRelationshipCollection - Parsing relationship: /xl/worksheets/_rels/sheet1.xml.rels
10:43:08.613 [main] DEBUG org.apache.poi.openxml4j.opc.PackageRelationshipCollection - Parsing relationship: /_rels/.rels
10:43:08.617 [main] DEBUG org.apache.poi.openxml4j.opc.PackageRelationshipCollection - Parsing relationship: /xl/_rels/workbook.xml.rels
10:43:08.618 [main] DEBUG org.apache.poi.openxml4j.opc.PackageRelationshipCollection - Parsing relationship: /xl/worksheets/_rels/sheet1.xml.rels
10:43:08.618 [main] DEBUG org.apache.poi.openxml4j.opc.PackageRelationshipCollection - Parsing relationship: /_rels/.rels
10:43:08.622 [main] DEBUG org.apache.poi.openxml4j.opc.PackageRelationshipCollection - Parsing relationship: /xl/_rels/workbook.xml.rels
10:43:08.622 [main] DEBUG org.apache.poi.openxml4j.opc.PackageRelationshipCollection - Parsing relationship: /xl/worksheets/_rels/sheet1.xml.rels
10:43:08.622 [main] DEBUG org.apache.poi.openxml4j.opc.PackageRelationshipCollection - Parsing relationship: /_rels/.rels
10:43:08.626 [main] DEBUG org.apache.poi.openxml4j.opc.PackageRelationshipCollection - Parsing relationship: /xl/_rels/workbook.xml.rels
10:43:08.626 [main] DEBUG org.apache.poi.openxml4j.opc.PackageRelationshipCollection - Parsing relationship: /xl/worksheets/_rels/sheet1.xml.rels
10:43:08.626 [main] DEBUG org.apache.poi.openxml4j.opc.PackageRelationshipCollection - Parsing relationship: /_rels/.rels
10:43:08.630 [main] DEBUG org.apache.poi.openxml4j.opc.PackageRelationshipCollection - Parsing relationship: /xl/_rels/workbook.xml.rels
10:43:08.630 [main] DEBUG org.apache.poi.openxml4j.opc.PackageRelationshipCollection - Parsing relationship: /xl/worksheets/_rels/sheet1.xml.rels
10:43:08.630 [main] DEBUG org.apache.poi.openxml4j.opc.PackageRelationshipCollection - Parsing relationship: /_rels/.rels
10:43:08.634 [main] DEBUG org.apache.poi.openxml4j.opc.PackageRelationshipCollection - Parsing relationship: /xl/_rels/workbook.xml.rels
10:43:08.634 [main] DEBUG org.apache.poi.openxml4j.opc.PackageRelationshipCollection - Parsing relationship: /xl/worksheets/_rels/sheet1.xml.rels
10:43:08.634 [main] DEBUG org.apache.poi.openxml4j.opc.PackageRelationshipCollection - Parsing relationship: /_rels/.rels
10:43:08.638 [main] DEBUG org.apache.poi.openxml4j.opc.PackageRelationshipCollection - Parsing relationship: /xl/_rels/workbook.xml.rels
10:43:08.638 [main] DEBUG org.apache.poi.openxml4j.opc.PackageRelationshipCollection - Parsing relationship: /xl/worksheets/_rels/sheet1.xml.rels
10:43:08.638 [main] DEBUG org.apache.poi.openxml4j.opc.PackageRelationshipCollection - Parsing relationship: /_rels/.rels
10:43:08.641 [main] DEBUG org.apache.poi.openxml4j.opc.PackageRelationshipCollection - Parsing relationship: /xl/_rels/workbook.xml.rels
10:43:08.642 [main] DEBUG org.apache.poi.openxml4j.opc.PackageRelationshipCollection - Parsing relationship: /xl/worksheets/_rels/sheet1.xml.rels
10:43:08.642 [main] DEBUG org.apache.poi.openxml4j.opc.PackageRelationshipCollection - Parsing relationship: /_rels/.rels
10:43:08.645 [main] DEBUG org.apache.poi.openxml4j.opc.PackageRelationshipCollection - Parsing relationship: /xl/_rels/workbook.xml.rels
10:43:08.645 [main] DEBUG org.apache.poi.openxml4j.opc.PackageRelationshipCollection - Parsing relationship: /xl/worksheets/_rels/sheet1.xml.rels
10:43:08.645 [main] DEBUG org.apache.poi.openxml4j.opc.PackageRelationshipCollection - Parsing relationship: /_rels/.rels
10:43:08.649 [main] DEBUG org.apache.poi.openxml4j.opc.PackageRelationshipCollection - Parsing relationship: /xl/_rels/workbook.xml.rels
10:43:08.649 [main] DEBUG org.apache.poi.openxml4j.opc.PackageRelationshipCollection - Parsing relationship: /xl/worksheets/_rels/sheet1.xml.rels
10:43:08.649 [main] DEBUG org.apache.poi.openxml4j.opc.PackageRelationshipCollection - Parsing relationship: /_rels/.rels
10:43:08.652 [main] DEBUG org.apache.poi.openxml4j.opc.PackageRelationshipCollection - Parsing relationship: /xl/_rels/workbook.xml.rels
10:43:08.653 [main] DEBUG org.apache.poi.openxml4j.opc.PackageRelationshipCollection - Parsing relationship: /xl/worksheets/_rels/sheet1.xml.rels
10:43:08.653 [main] DEBUG org.apache.poi.openxml4j.opc.PackageRelationshipCollection - Parsing relationship: /_rels/.rels
10:43:08.656 [main] DEBUG org.apache.poi.openxml4j.opc.PackageRelationshipCollection - Parsing relationship: /xl/_rels/workbook.xml.rels
10:43:08.656 [main] DEBUG org.apache.poi.openxml4j.opc.PackageRelationshipCollection - Parsing relationship: /xl/worksheets/_rels/sheet1.xml.rels
10:43:08.656 [main] DEBUG org.apache.poi.openxml4j.opc.PackageRelationshipCollection - Parsing relationship: /_rels/.rels
10:43:08.659 [main] DEBUG org.apache.poi.openxml4j.opc.PackageRelationshipCollection - Parsing relationship: /xl/_rels/workbook.xml.rels
10:43:08.659 [main] DEBUG org.apache.poi.openxml4j.opc.PackageRelationshipCollection - Parsing relationship: /xl/worksheets/_rels/sheet1.xml.rels
10:43:08.659 [main] DEBUG org.apache.poi.openxml4j.opc.PackageRelationshipCollection - Parsing relationship: /_rels/.rels
10:43:08.662 [main] DEBUG org.apache.poi.openxml4j.opc.PackageRelationshipCollection - Parsing relationship: /xl/_rels/workbook.xml.rels
10:43:08.662 [main] DEBUG org.apache.poi.openxml4j.opc.PackageRelationshipCollection - Parsing relationship: /xl/worksheets/_rels/sheet1.xml.rels
10:43:08.662 [main] DEBUG org.apache.poi.openxml4j.opc.PackageRelationshipCollection - Parsing relationship: /_rels/.rels
10:43:08.668 [main] DEBUG org.apache.poi.openxml4j.opc.PackageRelationshipCollection - Parsing relationship: /xl/_rels/workbook.xml.rels
10:43:08.668 [main] DEBUG org.apache.poi.openxml4j.opc.PackageRelationshipCollection - Parsing relationship: /xl/worksheets/_rels/sheet1.xml.rels
10:43:08.668 [main] DEBUG org.apache.poi.openxml4j.opc.PackageRelationshipCollection - Parsing relationship: /_rels/.rels
10:43:11.877 [main] DEBUG org.apache.poi.openxml4j.opc.PackageRelationshipCollection - Parsing relationship: /xl/_rels/workbook.xml.rels
10:43:11.878 [main] DEBUG org.apache.poi.openxml4j.opc.PackageRelationshipCollection - Parsing relationship: /xl/worksheets/_rels/sheet1.xml.rels
10:43:11.879 [main] DEBUG org.apache.poi.openxml4j.opc.PackageRelationshipCollection - Parsing relationship: /_rels/.rels
10:43:11.886 [main] DEBUG org.apache.poi.openxml4j.opc.PackageRelationshipCollection - Parsing relationship: /xl/_rels/workbook.xml.rels
10:43:11.887 [main] DEBUG org.apache.poi.openxml4j.opc.PackageRelationshipCollection - Parsing relationship: /xl/worksheets/_rels/sheet1.xml.rels
10:43:11.887 [main] DEBUG org.apache.poi.openxml4j.opc.PackageRelationshipCollection - Parsing relationship: /_rels/.rels
10:43:11.892 [main] DEBUG org.apache.poi.openxml4j.opc.PackageRelationshipCollection - Parsing relationship: /xl/_rels/workbook.xml.rels
10:43:11.892 [main] DEBUG org.apache.poi.openxml4j.opc.PackageRelationshipCollection - Parsing relationship: /xl/worksheets/_rels/sheet1.xml.rels
10:43:11.893 [main] DEBUG org.apache.poi.openxml4j.opc.PackageRelationshipCollection - Parsing relationship: /_rels/.rels
10:43:11.898 [main] DEBUG org.apache.poi.openxml4j.opc.PackageRelationshipCollection - Parsing relationship: /xl/_rels/workbook.xml.rels
10:43:11.898 [main] DEBUG org.apache.poi.openxml4j.opc.PackageRelationshipCollection - Parsing relationship: /xl/worksheets/_rels/sheet1.xml.rels
10:43:11.898 [main] DEBUG org.apache.poi.openxml4j.opc.PackageRelationshipCollection - Parsing relationship: /_rels/.rels
10:49:11.075 [main] DEBUG api.test.UserTests2 - **** Debugging ****
10:49:11.078 [main] INFO  api.test.UserTests2 - ************ Creating user *************
10:49:12.716 [main] INFO  api.test.UserTests2 - ************ User is created *************
10:49:12.720 [main] INFO  api.test.UserTests2 - ************ Reading a user *************
10:49:13.773 [main] INFO  api.test.UserTests2 - ************ Updating user *************
10:49:16.224 [main] INFO  api.test.UserTests2 - ************ Update completed *************
10:49:16.227 [main] INFO  api.test.UserTests2 - ************ Deleting a user *************
10:49:17.264 [main] INFO  api.test.UserTests2 - ************ Delete user completed *************
10:50:27.378 [main] DEBUG api.test.UserTests2 - **** Debugging ****
10:50:27.383 [main] INFO  api.test.UserTests2 - ************ Creating user *************
10:50:28.879 [main] INFO  api.test.UserTests2 - ************ User is created *************
10:50:28.884 [main] INFO  api.test.UserTests2 - ************ Reading a user *************
10:50:29.963 [main] INFO  api.test.UserTests2 - ************ Updating user *************
10:50:32.245 [main] INFO  api.test.UserTests2 - ************ Update completed *************
10:50:32.250 [main] INFO  api.test.UserTests2 - ************ Deleting a user *************
10:50:33.380 [main] INFO  api.test.UserTests2 - ************ Delete user completed *************
10:51:16.572 [main] DEBUG api.test.UserTests2 - **** Debugging ****
10:51:16.577 [main] INFO  api.test.UserTests2 - ************ Creating user *************
10:51:18.199 [main] INFO  api.test.UserTests2 - ************ User is created *************
10:51:18.203 [main] INFO  api.test.UserTests2 - ************ Reading a user *************
10:51:19.272 [main] INFO  api.test.UserTests2 - ************ Updating user *************
10:51:21.660 [main] INFO  api.test.UserTests2 - ************ Update completed *************
10:51:21.665 [main] INFO  api.test.UserTests2 - ************ Deleting a user *************
10:51:22.780 [main] INFO  api.test.UserTests2 - ************ Delete user completed *************
10:52:32.440 [main] DEBUG api.test.UserTests2 - **** Debugging ****
10:52:32.445 [main] INFO  api.test.UserTests2 - ************ Creating user *************
10:52:34.008 [main] INFO  api.test.UserTests2 - ************ User is created *************
10:52:34.014 [main] INFO  api.test.UserTests2 - ************ Reading a user *************
10:52:35.285 [main] INFO  api.test.UserTests2 - ************ User reading completed *************
10:52:35.290 [main] INFO  api.test.UserTests2 - ************ Updating user *************
10:52:37.488 [main] INFO  api.test.UserTests2 - ************ Update completed *************
10:52:37.493 [main] INFO  api.test.UserTests2 - ************ Deleting a user *************
10:52:38.527 [main] INFO  api.test.UserTests2 - ************ Delete user completed *************
10:52:52.857 [main] DEBUG api.test.UserTests2 - **** Debugging ****
10:52:52.861 [main] INFO  api.test.UserTests2 - ************ Creating user *************
10:52:54.414 [main] INFO  api.test.UserTests2 - ************ User is created *************
10:52:54.419 [main] INFO  api.test.UserTests2 - ************ Reading a user *************
10:52:55.508 [main] INFO  api.test.UserTests2 - ************ User reading completed *************
10:52:55.512 [main] INFO  api.test.UserTests2 - ************ Updating user *************
10:52:57.674 [main] INFO  api.test.UserTests2 - ************ Update completed *************
10:52:57.677 [main] INFO  api.test.UserTests2 - ************ Deleting a user *************
10:54:09.780 [main] DEBUG api.test.UserTests2 - **** Debugging ****
10:54:09.783 [main] INFO  api.test.UserTests2 - ************ Creating user *************
10:54:11.398 [main] INFO  api.test.UserTests2 - ************ User is created *************
10:54:11.402 [main] INFO  api.test.UserTests2 - ************ Reading a user *************
10:54:12.461 [main] INFO  api.test.UserTests2 - ************ User reading completed *************
10:54:12.465 [main] INFO  api.test.UserTests2 - ************ Updating user *************
10:54:14.679 [main] INFO  api.test.UserTests2 - ************ Deleting a user *************
10:54:15.800 [main] INFO  api.test.UserTests2 - ************ Delete user completed *************
10:55:17.865 [main] DEBUG api.test.UserTests2 - **** Debugging ****
10:55:17.868 [main] INFO  api.test.UserTests2 - ************ Creating user *************
10:55:19.466 [main] INFO  api.test.UserTests2 - ************ User is created *************
10:55:19.470 [main] INFO  api.test.UserTests2 - ************ Reading a user *************
10:55:20.537 [main] INFO  api.test.UserTests2 - ************ User reading completed *************
10:55:20.540 [main] INFO  api.test.UserTests2 - ************ Updating user *************
10:55:22.797 [main] INFO  api.test.UserTests2 - ************ Update completed *************
10:55:22.801 [main] INFO  api.test.UserTests2 - ************ Deleting a user *************
10:55:23.887 [main] INFO  api.test.UserTests2 - ************ Delete user completed *************
10:55:43.521 [main] DEBUG api.test.UserTests2 - **** Debugging ****
10:55:43.524 [main] INFO  api.test.UserTests2 - ************ Creating user *************
10:55:45.117 [main] INFO  api.test.UserTests2 - ************ User is created *************
10:55:45.121 [main] INFO  api.test.UserTests2 - ************ Reading a user *************
10:55:46.265 [main] INFO  api.test.UserTests2 - ************ Updating user *************
10:55:48.434 [main] INFO  api.test.UserTests2 - ************ Update completed *************
10:55:48.438 [main] INFO  api.test.UserTests2 - ************ Deleting a user *************
10:55:49.533 [main] INFO  api.test.UserTests2 - ************ Delete user completed *************
10:56:13.774 [main] DEBUG api.test.UserTests2 - **** Debugging ****
10:56:13.778 [main] INFO  api.test.UserTests2 - ************ Creating user *************
10:56:15.276 [main] INFO  api.test.UserTests2 - ************ User is created *************
10:56:15.279 [main] INFO  api.test.UserTests2 - ************ Reading a user *************
10:56:16.385 [main] INFO  api.test.UserTests2 - ************ Updating user *************
10:56:18.636 [main] INFO  api.test.UserTests2 - ************ Update completed *************
10:56:18.640 [main] INFO  api.test.UserTests2 - ************ Deleting a user *************
10:56:19.733 [main] INFO  api.test.UserTests2 - ************ Delete user completed *************
10:56:42.178 [main] DEBUG api.test.UserTests2 - **** Debugging ****
10:56:42.181 [main] INFO  api.test.UserTests2 - ************ Creating user *************
10:56:43.704 [main] INFO  api.test.UserTests2 - ************ User is created *************
10:56:43.709 [main] INFO  api.test.UserTests2 - ************ Reading a user *************
10:56:44.756 [main] INFO  api.test.UserTests2 - ************ User reading completed *************
10:56:44.759 [main] INFO  api.test.UserTests2 - ************ Updating user *************
10:56:46.867 [main] INFO  api.test.UserTests2 - ************ Update completed *************
10:56:46.870 [main] INFO  api.test.UserTests2 - ************ Deleting a user *************
10:56:48.001 [main] INFO  api.test.UserTests2 - ************ Delete user completed *************
11:28:20.962 [main] DEBUG api.test.UserTests2 - **** Debugging ****
11:28:20.965 [main] INFO  api.test.UserTests2 - ************ Creating user *************
11:28:22.600 [main] INFO  api.test.UserTests2 - ************ User is created *************
11:28:22.605 [main] INFO  api.test.UserTests2 - ************ Reading a user *************
11:28:23.854 [main] INFO  api.test.UserTests2 - ************ User reading completed *************
11:28:23.859 [main] INFO  api.test.UserTests2 - ************ Updating user *************
11:28:25.980 [main] INFO  api.test.UserTests2 - ************ Update completed *************
11:28:25.985 [main] INFO  api.test.UserTests2 - ************ Deleting a user *************
11:28:27.074 [main] INFO  api.test.UserTests2 - ************ Delete user completed *************
11:33:58.771 [main] DEBUG api.test.UserTests2 - **** Debugging ****
11:33:58.774 [main] INFO  api.test.UserTests2 - ************ Creating user *************
11:34:00.527 [main] INFO  api.test.UserTests2 - ************ User is created *************
11:34:00.531 [main] INFO  api.test.UserTests2 - ************ Reading a user *************
11:34:01.584 [main] INFO  api.test.UserTests2 - ************ User reading completed *************
11:34:01.587 [main] INFO  api.test.UserTests2 - ************ Updating user *************
11:34:03.877 [main] INFO  api.test.UserTests2 - ************ Deleting a user *************
11:34:05.101 [main] INFO  api.test.UserTests2 - ************ Delete user completed *************
11:34:23.633 [main] DEBUG api.test.UserTests2 - **** Debugging ****
11:34:23.636 [main] INFO  api.test.UserTests2 - ************ Creating user *************
11:34:25.174 [main] INFO  api.test.UserTests2 - ************ User is created *************
11:34:25.179 [main] INFO  api.test.UserTests2 - ************ Reading a user *************
11:34:26.258 [main] INFO  api.test.UserTests2 - ************ User reading completed *************
11:34:26.263 [main] INFO  api.test.UserTests2 - ************ Updating user *************
11:34:28.661 [main] INFO  api.test.UserTests2 - ************ Deleting a user *************
11:35:42.460 [main] DEBUG api.test.UserTests2 - **** Debugging ****
11:35:42.463 [main] INFO  api.test.UserTests2 - ************ Creating user *************
11:35:44.110 [main] INFO  api.test.UserTests2 - ************ User is created *************
11:35:44.113 [main] INFO  api.test.UserTests2 - ************ Reading a user *************
11:35:45.307 [main] INFO  api.test.UserTests2 - ************ User reading completed *************
11:35:45.310 [main] INFO  api.test.UserTests2 - ************ Updating user *************
11:35:47.562 [main] INFO  api.test.UserTests2 - ************ Deleting a user *************
16:25:01.080 [main] DEBUG api.test.UserTests2 - **** Debugging ****
16:25:01.084 [main] INFO  api.test.UserTests2 - ************ Creating user *************
16:25:02.795 [main] INFO  api.test.UserTests2 - ************ User is created *************
16:25:02.799 [main] INFO  api.test.UserTests2 - ************ Reading a user *************
16:25:03.924 [main] INFO  api.test.UserTests2 - ************ User reading completed *************
16:25:03.927 [main] INFO  api.test.UserTests2 - ************ Updating user *************
16:25:06.452 [main] INFO  api.test.UserTests2 - ************ Deleting a user *************
16:29:46.506 [main] DEBUG api.test.UserTests2 - **** Debugging ****
16:29:46.510 [main] INFO  api.test.UserTests2 - ************ Creating user *************
16:29:48.181 [main] INFO  api.test.UserTests2 - ************ User is created *************
16:29:48.185 [main] INFO  api.test.UserTests2 - ************ Reading a user *************
16:29:50.509 [main] INFO  api.test.UserTests2 - ************ User reading completed *************
16:29:50.512 [main] INFO  api.test.UserTests2 - ************ Updating user *************
16:29:52.653 [main] INFO  api.test.UserTests2 - ************ Update completed *************
16:29:52.655 [main] INFO  api.test.UserTests2 - ************ Deleting a user *************
16:29:53.678 [main] INFO  api.test.UserTests2 - ************ Delete user completed *************
